<?xml version="1.0" encoding="UTF-8"?>
<!-- Generated by org.testng.reporters.JUnitReportReporter -->
<testsuite hostname="Ashok" failures="0" tests="1" name="com.Resolver.Tests.Test2" time="17.908" errors="0" timestamp="2020-12-24T23:52:39 IST" skipped="0">
  <testcase classname="com.Resolver.Tests.Test2" name="verify_Filter_ComboBox" time="17.908"/>
  <system-out/>
</testsuite> <!-- com.Resolver.Tests.Test2 -->
