<?xml version="1.0" encoding="UTF-8"?>
<!-- Generated by org.testng.reporters.JUnitReportReporter -->
<testsuite hostname="Ashok" failures="0" tests="1" name="com.resolver.TestBase.TestBase" time="8.476" errors="0" timestamp="2020-12-24T11:39:47 IST" skipped="0">
  <testcase classname="com.resolver.TestBase.TestBase" name="initialization" time="8.476"/>
  <system-out/>
</testsuite> <!-- com.resolver.TestBase.TestBase -->
