<?xml version="1.0" encoding="UTF-8"?>
<!-- Generated by org.testng.reporters.JUnitReportReporter -->
<testsuite hostname="Ashok" failures="0" tests="1" name="com.Resolver.Tests.Test3" time="16.421" errors="0" timestamp="2021-01-16T12:05:19 IST" skipped="0">
  <testcase classname="com.Resolver.Tests.Test3" name="verify_Filter_ComboBox" time="16.421"/>
  <system-out/>
</testsuite> <!-- com.Resolver.Tests.Test3 -->
