<?xml version="1.0" encoding="UTF-8"?>
<!-- Generated by org.testng.reporters.JUnitReportReporter -->
<testsuite hostname="Ashok" failures="0" tests="1" name="com.Resolver.Tests.Test1" time="17.608" errors="0" timestamp="2021-01-16T12:52:29 IST" skipped="0">
  <testcase classname="com.Resolver.Tests.Test1" name="open_Modal_Test" time="17.608"/>
  <system-out/>
</testsuite> <!-- com.Resolver.Tests.Test1 -->
