<?xml version="1.0" encoding="UTF-8"?>
<!-- Generated by org.testng.reporters.JUnitReportReporter -->
<testsuite hostname="Ashok" failures="0" tests="1" name="com.Resolver.Tests.Test2" time="17.182" errors="0" timestamp="2021-01-16T12:05:19 IST" skipped="0">
  <testcase classname="com.Resolver.Tests.Test2" name="verify_Filter_ComboBox" time="17.182"/>
  <system-out/>
</testsuite> <!-- com.Resolver.Tests.Test2 -->
