<?xml version="1.0" encoding="UTF-8"?>
<!-- Generated by org.testng.reporters.JUnitReportReporter -->
<testsuite hostname="Ashok" failures="0" tests="1" name="com.Resolver.Tests.Test1" time="18.049" errors="0" timestamp="2021-01-16T13:05:50 IST" skipped="0">
  <testcase classname="com.Resolver.Tests.Test1" name="open_Modal_Test" time="18.049"/>
  <system-out/>
</testsuite> <!-- com.Resolver.Tests.Test1 -->
