<?xml version="1.0" encoding="UTF-8"?>
<!-- Generated by org.testng.reporters.JUnitReportReporter -->
<testsuite skipped="0" hostname="Ashok" name="com.Resolver.Tests.Test3" tests="1" failures="0" timestamp="2021-01-16T12:36:16 IST" time="17.155" errors="0">
  <testcase name="verify_Filter_ComboBox" time="17.155" classname="com.Resolver.Tests.Test3"/>
  <system-out/>
</testsuite> <!-- com.Resolver.Tests.Test3 -->
