<?xml version="1.0" encoding="UTF-8"?>
<!-- Generated by org.testng.reporters.JUnitReportReporter -->
<testsuite skipped="0" hostname="Ashok" name="com.Resolver.Tests.Test1" tests="1" failures="0" timestamp="2021-02-13T20:47:57 IST" time="15.686" errors="0">
  <testcase name="open_Modal_Test" time="15.686" classname="com.Resolver.Tests.Test1"/>
  <system-out/>
</testsuite> <!-- com.Resolver.Tests.Test1 -->
