<?xml version="1.0" encoding="UTF-8"?>
<!-- Generated by org.testng.reporters.JUnitReportReporter -->
<testsuite skipped="0" hostname="Ashok" name="com.Resolver.Tests.Test2" tests="1" failures="0" timestamp="2021-02-13T20:47:57 IST" time="14.339" errors="0">
  <testcase name="verify_Filter_ComboBox" time="14.339" classname="com.Resolver.Tests.Test2"/>
  <system-out/>
</testsuite> <!-- com.Resolver.Tests.Test2 -->
