<?xml version="1.0" encoding="UTF-8"?>
<!-- Generated by org.testng.reporters.JUnitReportReporter -->
<testsuite skipped="0" hostname="Ashok" name="com.Resolver.Tests.Test3" tests="1" failures="0" timestamp="2021-02-13T20:47:57 IST" time="13.609" errors="0">
  <testcase name="verify_Filter_ComboBox" time="13.609" classname="com.Resolver.Tests.Test3"/>
  <system-out/>
</testsuite> <!-- com.Resolver.Tests.Test3 -->
