<?xml version="1.0" encoding="UTF-8"?>
<!-- Generated by org.testng.reporters.JUnitReportReporter -->
<testsuite skipped="0" hostname="Ashok" name="com.Resolver.Tests.Test1" tests="1" failures="0" timestamp="2021-01-16T12:36:16 IST" time="20.187" errors="0">
  <testcase name="open_Modal_Test" time="20.187" classname="com.Resolver.Tests.Test1"/>
  <system-out/>
</testsuite> <!-- com.Resolver.Tests.Test1 -->
