<?xml version="1.0" encoding="UTF-8"?>
<!-- Generated by org.testng.reporters.JUnitReportReporter -->
<testsuite hostname="Ashok" failures="0" tests="1" name="com.Resolver.Tests.Test4" time="13.482" errors="0" timestamp="2021-01-16T13:05:50 IST" skipped="0">
  <testcase classname="com.Resolver.Tests.Test4" name="verify_Filter_ComboBox" time="13.482"/>
  <system-out/>
</testsuite> <!-- com.Resolver.Tests.Test4 -->
